2024-08-25 19:44:08 INFO  AbstractAccount:40 - 
The requested amount exceeds your credit limit.
Current Balance: 2712.0
Credit Limit: 5000.0
Difference: 2288.0
2024-08-25 19:44:08 INFO  CheckingAccount:41 - 
Insufficient funds. Withdrawal amount exceeds overdraft limit.
2024-08-31 10:42:05 INFO  AbstractAccount:40 - 
The requested amount exceeds your credit limit.
Current Balance: 2712.0
Credit Limit: 5000.0
Difference: 2288.0
2024-08-31 10:42:05 INFO  CheckingAccount:41 - 
Insufficient funds. Withdrawal amount exceeds overdraft limit.
2024-08-31 10:42:09 INFO  AbstractAccount:40 - 
The requested amount exceeds your credit limit.
Current Balance: 2712.0
Credit Limit: 5000.0
Difference: 2288.0
2024-08-31 10:42:09 INFO  CheckingAccount:41 - 
Insufficient funds. Withdrawal amount exceeds overdraft limit.
2024-08-31 10:47:43 INFO  AbstractAccount:40 - 
The requested amount exceeds your credit limit.
Current Balance: 2712.0
Credit Limit: 5000.0
Difference: 2288.0
2024-08-31 10:47:43 INFO  CheckingAccount:41 - 
Insufficient funds. Withdrawal amount exceeds overdraft limit.
2024-08-31 10:48:12 INFO  AbstractAccount:40 - 
The requested amount exceeds your credit limit.
Current Balance: 2712.0
Credit Limit: 5000.0
Difference: 2288.0
2024-08-31 10:48:12 INFO  CheckingAccount:41 - 
Insufficient funds. Withdrawal amount exceeds overdraft limit.
2024-08-31 10:52:25 INFO  AbstractAccount:40 - 
The requested amount exceeds your credit limit.
Current Balance: 2712.0
Credit Limit: 5000.0
Difference: 2288.0
2024-08-31 10:52:25 INFO  CheckingAccount:41 - 
Insufficient funds. Withdrawal amount exceeds overdraft limit.
2024-08-31 10:54:03 INFO  AbstractAccount:40 - 
The requested amount exceeds your credit limit.
Current Balance: 2712.0
Credit Limit: 5000.0
Difference: 2288.0
2024-08-31 10:54:03 INFO  CheckingAccount:41 - 
Insufficient funds. Withdrawal amount exceeds overdraft limit.
2024-08-31 10:56:07 INFO  AbstractAccount:40 - 
The requested amount exceeds your credit limit.
Current Balance: 2712.0
Credit Limit: 5000.0
Difference: 2288.0
2024-08-31 10:56:07 INFO  CheckingAccount:41 - 
Insufficient funds. Withdrawal amount exceeds overdraft limit.
2024-08-31 11:08:27 INFO  AbstractAccount:40 - 
The requested amount exceeds your credit limit.
Current Balance: 2712.0
Credit Limit: 5000.0
Difference: 2288.0
2024-08-31 11:08:27 INFO  CheckingAccount:41 - 
Insufficient funds. Withdrawal amount exceeds overdraft limit.
2024-08-31 11:20:20 INFO  AbstractAccount:40 - 
The requested amount exceeds your credit limit.
Current Balance: 2712.0
Credit Limit: 5000.0
Difference: 2288.0
2024-08-31 11:20:20 INFO  CheckingAccount:41 - 
Insufficient funds. Withdrawal amount exceeds overdraft limit.
2024-08-31 15:34:18 INFO  AbstractAccount:40 - 
The requested amount exceeds your credit limit.
Current Balance: 2712.0
Credit Limit: 5000.0
Difference: 2288.0
2024-08-31 15:34:18 INFO  CheckingAccount:41 - 
Insufficient funds. Withdrawal amount exceeds overdraft limit.
2024-08-31 15:34:39 INFO  AbstractAccount:40 - 
The requested amount exceeds your credit limit.
Current Balance: 2712.0
Credit Limit: 5000.0
Difference: 2288.0
2024-08-31 15:34:39 INFO  CheckingAccount:41 - 
Insufficient funds. Withdrawal amount exceeds overdraft limit.
2024-08-31 16:17:10 INFO  AbstractAccount:40 - 
The requested amount exceeds your credit limit.
Current Balance: 2712.0
Credit Limit: 5000.0
Difference: 2288.0
2024-08-31 16:17:10 INFO  CheckingAccount:41 - 
Insufficient funds. Withdrawal amount exceeds overdraft limit.
2024-08-31 16:18:22 INFO  AbstractAccount:40 - 
The requested amount exceeds your credit limit.
Current Balance: 2712.0
Credit Limit: 5000.0
Difference: 2288.0
2024-08-31 16:18:22 INFO  CheckingAccount:41 - 
Insufficient funds. Withdrawal amount exceeds overdraft limit.
2024-08-31 16:18:49 INFO  AbstractAccount:40 - 
The requested amount exceeds your credit limit.
Current Balance: 2712.0
Credit Limit: 5000.0
Difference: 2288.0
2024-08-31 16:18:49 INFO  CheckingAccount:41 - 
Insufficient funds. Withdrawal amount exceeds overdraft limit.
2024-08-31 16:20:44 INFO  AbstractAccount:40 - 
The requested amount exceeds your credit limit.
Current Balance: 2712.0
Credit Limit: 5000.0
Difference: 2288.0
2024-08-31 16:20:44 INFO  CheckingAccount:41 - 
Insufficient funds. Withdrawal amount exceeds overdraft limit.
2024-08-31 16:30:41 INFO  AbstractAccount:40 - 
The requested amount exceeds your credit limit.
Current Balance: 2712.0
Credit Limit: 5000.0
Difference: 2288.0
2024-08-31 16:30:41 INFO  CheckingAccount:41 - 
Insufficient funds. Withdrawal amount exceeds overdraft limit.
2024-08-31 17:22:25 INFO  AbstractAccount:40 - 
The requested amount exceeds your credit limit.
Current Balance: 2712.0
Credit Limit: 5000.0
Difference: 2288.0
2024-08-31 17:22:25 INFO  CheckingAccount:41 - 
Insufficient funds. Withdrawal amount exceeds overdraft limit.
2024-08-31 17:33:10 INFO  AbstractAccount:40 - 
The requested amount exceeds your credit limit.
Current Balance: 2712.0
Credit Limit: 5000.0
Difference: 2288.0
2024-08-31 17:33:10 INFO  CheckingAccount:41 - 
Insufficient funds. Withdrawal amount exceeds overdraft limit.
2024-08-31 17:35:03 INFO  AbstractAccount:40 - 
The requested amount exceeds your credit limit.
Current Balance: 2712.0
Credit Limit: 5000.0
Difference: 2288.0
2024-08-31 17:35:03 INFO  CheckingAccount:41 - 
Insufficient funds. Withdrawal amount exceeds overdraft limit.
2024-08-31 17:38:16 INFO  AbstractAccount:40 - 
The requested amount exceeds your credit limit.
Current Balance: 2712.0
Credit Limit: 5000.0
Difference: 2288.0
2024-08-31 17:38:16 INFO  CheckingAccount:41 - 
Insufficient funds. Withdrawal amount exceeds overdraft limit.
2024-08-31 17:39:57 INFO  AbstractAccount:40 - 
The requested amount exceeds your credit limit.
Current Balance: 2712.0
Credit Limit: 5000.0
Difference: 2288.0
2024-08-31 17:39:57 INFO  CheckingAccount:41 - 
Insufficient funds. Withdrawal amount exceeds overdraft limit.
2024-08-31 17:40:59 INFO  AbstractAccount:40 - 
The requested amount exceeds your credit limit.
Current Balance: 2712.0
Credit Limit: 5000.0
Difference: 2288.0
2024-08-31 17:40:59 INFO  CheckingAccount:41 - 
Insufficient funds. Withdrawal amount exceeds overdraft limit.
2024-08-31 17:41:41 INFO  AbstractAccount:40 - 
The requested amount exceeds your credit limit.
Current Balance: 2712.0
Credit Limit: 5000.0
Difference: 2288.0
2024-08-31 17:41:41 INFO  CheckingAccount:41 - 
Insufficient funds. Withdrawal amount exceeds overdraft limit.
2024-08-31 19:36:27 INFO  AbstractAccount:40 - 
The requested amount exceeds your credit limit.
Current Balance: 2712.0
Credit Limit: 5000.0
Difference: 2288.0
2024-08-31 19:36:27 INFO  CheckingAccount:41 - 
Insufficient funds. Withdrawal amount exceeds overdraft limit.
2024-09-06 15:00:40 INFO  AbstractAccount:40 - 
The requested amount exceeds your credit limit.
Current Balance: 2712.0
Credit Limit: 5000.0
Difference: 2288.0
2024-09-06 15:00:40 INFO  CheckingAccount:41 - 
Insufficient funds. Withdrawal amount exceeds overdraft limit.
2024-09-06 15:02:46 INFO  AbstractAccount:40 - 
The requested amount exceeds your credit limit.
Current Balance: 2712.0
Credit Limit: 5000.0
Difference: 2288.0
2024-09-06 15:02:46 INFO  CheckingAccount:41 - 
Insufficient funds. Withdrawal amount exceeds overdraft limit.
2024-09-06 15:03:24 INFO  AbstractAccount:40 - 
The requested amount exceeds your credit limit.
Current Balance: 2712.0
Credit Limit: 5000.0
Difference: 2288.0
2024-09-06 15:03:24 INFO  CheckingAccount:41 - 
Insufficient funds. Withdrawal amount exceeds overdraft limit.
2024-09-06 15:05:10 INFO  AbstractAccount:40 - 
The requested amount exceeds your credit limit.
Current Balance: 2712.0
Credit Limit: 5000.0
Difference: 2288.0
2024-09-06 15:05:10 INFO  CheckingAccount:41 - 
Insufficient funds. Withdrawal amount exceeds overdraft limit.
2024-09-06 15:06:29 INFO  AbstractAccount:40 - 
The requested amount exceeds your credit limit.
Current Balance: 2712.0
Credit Limit: 5000.0
Difference: 2288.0
2024-09-06 15:06:29 INFO  CheckingAccount:41 - 
Insufficient funds. Withdrawal amount exceeds overdraft limit.
2024-09-06 15:06:44 INFO  AbstractAccount:40 - 
The requested amount exceeds your credit limit.
Current Balance: 2712.0
Credit Limit: 5000.0
Difference: 2288.0
2024-09-06 15:06:44 INFO  CheckingAccount:41 - 
Insufficient funds. Withdrawal amount exceeds overdraft limit.
2024-09-06 15:07:35 INFO  AbstractAccount:40 - 
The requested amount exceeds your credit limit.
Current Balance: 2712.0
Credit Limit: 5000.0
Difference: 2288.0
2024-09-06 15:07:35 INFO  CheckingAccount:41 - 
Insufficient funds. Withdrawal amount exceeds overdraft limit.
2024-09-06 16:43:51 INFO  AbstractAccount:40 - 
The requested amount exceeds your credit limit.
Current Balance: 2712.0
Credit Limit: 5000.0
Difference: 2288.0
2024-09-06 16:43:51 INFO  CheckingAccount:41 - 
Insufficient funds. Withdrawal amount exceeds overdraft limit.
2024-09-06 16:46:38 INFO  AbstractAccount:40 - 
The requested amount exceeds your credit limit.
Current Balance: 2712.0
Credit Limit: 5000.0
Difference: 2288.0
2024-09-06 16:46:38 INFO  CheckingAccount:41 - 
Insufficient funds. Withdrawal amount exceeds overdraft limit.
2024-09-11 18:56:28 INFO  AbstractAccount:40 - 
The requested amount exceeds your credit limit.
Current Balance: 2712.0
Credit Limit: 5000.0
Difference: 2288.0
2024-09-11 18:56:28 INFO  CheckingAccount:41 - 
Insufficient funds. Withdrawal amount exceeds overdraft limit.
2024-09-11 19:54:15 INFO  AbstractAccount:40 - 
The requested amount exceeds your credit limit.
Current Balance: 2712.0
Credit Limit: 5000.0
Difference: 2288.0
2024-09-11 19:54:15 INFO  CheckingAccount:41 - 
Insufficient funds. Withdrawal amount exceeds overdraft limit.
2024-09-12 19:18:08 INFO  AbstractAccount:40 - 
The requested amount exceeds your credit limit.
Current Balance: 2712.0
Credit Limit: 5000.0
Difference: 2288.0
2024-09-12 19:18:08 INFO  CheckingAccount:41 - 
Insufficient funds. Withdrawal amount exceeds overdraft limit.
2024-09-12 19:21:45 INFO  AbstractAccount:40 - 
The requested amount exceeds your credit limit.
Current Balance: 2712.0
Credit Limit: 5000.0
Difference: 2288.0
2024-09-12 19:21:45 INFO  CheckingAccount:41 - 
Insufficient funds. Withdrawal amount exceeds overdraft limit.
2024-09-12 19:24:14 INFO  AbstractAccount:40 - 
The requested amount exceeds your credit limit.
Current Balance: 2712.0
Credit Limit: 5000.0
Difference: 2288.0
2024-09-12 19:24:14 INFO  CheckingAccount:41 - 
Insufficient funds. Withdrawal amount exceeds overdraft limit.
2024-09-12 19:24:58 INFO  AbstractAccount:40 - 
The requested amount exceeds your credit limit.
Current Balance: 2712.0
Credit Limit: 5000.0
Difference: 2288.0
2024-09-12 19:24:58 INFO  CheckingAccount:41 - 
Insufficient funds. Withdrawal amount exceeds overdraft limit.
2024-09-12 19:25:21 INFO  AbstractAccount:40 - 
The requested amount exceeds your credit limit.
Current Balance: 2712.0
Credit Limit: 5000.0
Difference: 2288.0
2024-09-12 19:25:21 INFO  CheckingAccount:41 - 
Insufficient funds. Withdrawal amount exceeds overdraft limit.
2024-09-12 19:25:58 INFO  AbstractAccount:40 - 
The requested amount exceeds your credit limit.
Current Balance: 2712.0
Credit Limit: 5000.0
Difference: 2288.0
2024-09-12 19:25:58 INFO  CheckingAccount:41 - 
Insufficient funds. Withdrawal amount exceeds overdraft limit.
2024-09-12 19:26:36 INFO  AbstractAccount:40 - 
The requested amount exceeds your credit limit.
Current Balance: 2712.0
Credit Limit: 5000.0
Difference: 2288.0
2024-09-12 19:26:36 INFO  CheckingAccount:41 - 
Insufficient funds. Withdrawal amount exceeds overdraft limit.
2024-09-12 19:27:42 INFO  AbstractAccount:40 - 
The requested amount exceeds your credit limit.
Current Balance: 2712.0
Credit Limit: 5000.0
Difference: 2288.0
2024-09-12 19:27:42 INFO  CheckingAccount:41 - 
Insufficient funds. Withdrawal amount exceeds overdraft limit.
2024-09-12 19:28:12 INFO  AbstractAccount:40 - 
The requested amount exceeds your credit limit.
Current Balance: 2712.0
Credit Limit: 5000.0
Difference: 2288.0
2024-09-12 19:28:12 INFO  CheckingAccount:41 - 
Insufficient funds. Withdrawal amount exceeds overdraft limit.
2024-09-12 19:28:58 INFO  AbstractAccount:40 - 
The requested amount exceeds your credit limit.
Current Balance: 2712.0
Credit Limit: 5000.0
Difference: 2288.0
2024-09-12 19:28:58 INFO  CheckingAccount:41 - 
Insufficient funds. Withdrawal amount exceeds overdraft limit.
2024-09-12 19:29:59 INFO  AbstractAccount:40 - 
The requested amount exceeds your credit limit.
Current Balance: 2712.0
Credit Limit: 5000.0
Difference: 2288.0
2024-09-12 19:29:59 INFO  CheckingAccount:41 - 
Insufficient funds. Withdrawal amount exceeds overdraft limit.
2024-09-12 19:37:56 INFO  AbstractAccount:40 - 
The requested amount exceeds your credit limit.
Current Balance: 2712.0
Credit Limit: 5000.0
Difference: 2288.0
2024-09-12 19:37:56 INFO  CheckingAccount:41 - 
Insufficient funds. Withdrawal amount exceeds overdraft limit.
2024-09-12 19:50:36 INFO  AbstractAccount:40 - 
The requested amount exceeds your credit limit.
Current Balance: 2712.0
Credit Limit: 5000.0
Difference: 2288.0
2024-09-12 19:50:36 INFO  CheckingAccount:41 - 
Insufficient funds. Withdrawal amount exceeds overdraft limit.
2024-09-12 19:52:20 INFO  AbstractAccount:40 - 
The requested amount exceeds your credit limit.
Current Balance: 2712.0
Credit Limit: 5000.0
Difference: 2288.0
2024-09-12 19:52:20 INFO  CheckingAccount:41 - 
Insufficient funds. Withdrawal amount exceeds overdraft limit.
2024-09-12 19:53:41 INFO  AbstractAccount:40 - 
The requested amount exceeds your credit limit.
Current Balance: 2712.0
Credit Limit: 5000.0
Difference: 2288.0
2024-09-12 19:53:41 INFO  CheckingAccount:41 - 
Insufficient funds. Withdrawal amount exceeds overdraft limit.
2024-09-13 09:03:30 INFO  AbstractAccount:40 - 
The requested amount exceeds your credit limit.
Current Balance: 2712.0
Credit Limit: 5000.0
Difference: 2288.0
2024-09-13 09:03:30 INFO  CheckingAccount:41 - 
Insufficient funds. Withdrawal amount exceeds overdraft limit.
2024-09-13 09:05:17 INFO  AbstractAccount:40 - 
The requested amount exceeds your credit limit.
Current Balance: 2712.0
Credit Limit: 5000.0
Difference: 2288.0
2024-09-13 09:05:17 INFO  CheckingAccount:41 - 
Insufficient funds. Withdrawal amount exceeds overdraft limit.
2024-09-13 09:06:47 INFO  AbstractAccount:40 - 
The requested amount exceeds your credit limit.
Current Balance: 2712.0
Credit Limit: 5000.0
Difference: 2288.0
2024-09-13 09:06:47 INFO  CheckingAccount:41 - 
Insufficient funds. Withdrawal amount exceeds overdraft limit.
2024-09-13 09:07:25 INFO  AbstractAccount:40 - 
The requested amount exceeds your credit limit.
Current Balance: 2712.0
Credit Limit: 5000.0
Difference: 2288.0
2024-09-13 09:07:25 INFO  CheckingAccount:41 - 
Insufficient funds. Withdrawal amount exceeds overdraft limit.
2024-09-13 09:27:25 INFO  AbstractAccount:40 - 
The requested amount exceeds your credit limit.
Current Balance: 2712.0
Credit Limit: 5000.0
Difference: 2288.0
2024-09-13 09:27:25 INFO  CheckingAccount:41 - 
Insufficient funds. Withdrawal amount exceeds overdraft limit.
2024-09-13 09:28:00 INFO  AbstractAccount:40 - 
The requested amount exceeds your credit limit.
Current Balance: 2712.0
Credit Limit: 5000.0
Difference: 2288.0
2024-09-13 09:28:00 INFO  CheckingAccount:41 - 
Insufficient funds. Withdrawal amount exceeds overdraft limit.
2024-09-13 09:57:47 INFO  AbstractAccount:40 - 
The requested amount exceeds your credit limit.
Current Balance: 2712.0
Credit Limit: 5000.0
Difference: 2288.0
2024-09-13 09:57:47 INFO  CheckingAccount:41 - 
Insufficient funds. Withdrawal amount exceeds overdraft limit.
2024-09-13 09:58:38 INFO  AbstractAccount:40 - 
The requested amount exceeds your credit limit.
Current Balance: 2712.0
Credit Limit: 5000.0
Difference: 2288.0
2024-09-13 09:58:38 INFO  CheckingAccount:41 - 
Insufficient funds. Withdrawal amount exceeds overdraft limit.
2024-09-13 10:11:07 INFO  AbstractAccount:40 - 
The requested amount exceeds your credit limit.
Current Balance: 2712.0
Credit Limit: 5000.0
Difference: 2288.0
2024-09-13 10:11:07 INFO  CheckingAccount:41 - 
Insufficient funds. Withdrawal amount exceeds overdraft limit.
2024-09-13 10:14:26 INFO  AbstractAccount:40 - 
The requested amount exceeds your credit limit.
Current Balance: 2712.0
Credit Limit: 5000.0
Difference: 2288.0
2024-09-13 10:14:26 INFO  CheckingAccount:41 - 
Insufficient funds. Withdrawal amount exceeds overdraft limit.
2024-09-13 10:29:02 INFO  AbstractAccount:40 - 
The requested amount exceeds your credit limit.
Current Balance: 2712.0
Credit Limit: 5000.0
Difference: 2288.0
2024-09-13 10:29:02 INFO  CheckingAccount:41 - 
Insufficient funds. Withdrawal amount exceeds overdraft limit.
2024-09-13 10:30:12 INFO  AbstractAccount:40 - 
The requested amount exceeds your credit limit.
Current Balance: 2712.0
Credit Limit: 5000.0
Difference: 2288.0
2024-09-13 10:30:12 INFO  CheckingAccount:41 - 
Insufficient funds. Withdrawal amount exceeds overdraft limit.
2024-09-13 11:17:59 INFO  AbstractAccount:40 - 
The requested amount exceeds your credit limit.
Current Balance: 2712.0
Credit Limit: 5000.0
Difference: 2288.0
2024-09-13 11:17:59 INFO  CheckingAccount:41 - 
Insufficient funds. Withdrawal amount exceeds overdraft limit.
2024-09-13 11:28:20 INFO  AbstractAccount:40 - 
The requested amount exceeds your credit limit.
Current Balance: 2712.0
Credit Limit: 5000.0
Difference: 2288.0
2024-09-13 11:28:20 INFO  CheckingAccount:41 - 
Insufficient funds. Withdrawal amount exceeds overdraft limit.
2024-09-13 11:32:46 INFO  AbstractAccount:40 - 
The requested amount exceeds your credit limit.
Current Balance: 2712.0
Credit Limit: 5000.0
Difference: 2288.0
2024-09-13 11:32:46 INFO  CheckingAccount:41 - 
Insufficient funds. Withdrawal amount exceeds overdraft limit.
2024-09-13 11:34:10 INFO  AbstractAccount:40 - 
The requested amount exceeds your credit limit.
Current Balance: 2712.0
Credit Limit: 5000.0
Difference: 2288.0
2024-09-13 11:34:10 INFO  CheckingAccount:41 - 
Insufficient funds. Withdrawal amount exceeds overdraft limit.
2024-09-13 12:10:11 INFO  AbstractAccount:40 - 
The requested amount exceeds your credit limit.
Current Balance: 2712.0
Credit Limit: 5000.0
Difference: 2288.0
2024-09-13 12:10:11 INFO  CheckingAccount:41 - 
Insufficient funds. Withdrawal amount exceeds overdraft limit.
2024-09-13 12:11:35 INFO  AbstractAccount:40 - 
The requested amount exceeds your credit limit.
Current Balance: 2712.0
Credit Limit: 5000.0
Difference: 2288.0
2024-09-13 12:11:35 INFO  CheckingAccount:41 - 
Insufficient funds. Withdrawal amount exceeds overdraft limit.
2024-09-13 12:12:08 INFO  AbstractAccount:40 - 
The requested amount exceeds your credit limit.
Current Balance: 2712.0
Credit Limit: 5000.0
Difference: 2288.0
2024-09-13 12:12:08 INFO  CheckingAccount:41 - 
Insufficient funds. Withdrawal amount exceeds overdraft limit.
2024-09-13 12:12:34 INFO  AbstractAccount:40 - 
The requested amount exceeds your credit limit.
Current Balance: 2712.0
Credit Limit: 5000.0
Difference: 2288.0
2024-09-13 12:12:34 INFO  CheckingAccount:41 - 
Insufficient funds. Withdrawal amount exceeds overdraft limit.
2024-09-13 12:12:51 INFO  AbstractAccount:40 - 
The requested amount exceeds your credit limit.
Current Balance: 2712.0
Credit Limit: 5000.0
Difference: 2288.0
2024-09-13 12:12:51 INFO  CheckingAccount:41 - 
Insufficient funds. Withdrawal amount exceeds overdraft limit.
2024-09-13 12:20:11 INFO  AbstractAccount:40 - 
The requested amount exceeds your credit limit.
Current Balance: 2712.0
Credit Limit: 5000.0
Difference: 2288.0
2024-09-13 12:20:11 INFO  CheckingAccount:41 - 
Insufficient funds. Withdrawal amount exceeds overdraft limit.
2024-09-13 12:23:23 INFO  AbstractAccount:40 - 
The requested amount exceeds your credit limit.
Current Balance: 2712.0
Credit Limit: 5000.0
Difference: 2288.0
2024-09-13 12:23:23 INFO  CheckingAccount:41 - 
Insufficient funds. Withdrawal amount exceeds overdraft limit.
